<?xml version="1.0" encoding="UTF-8"?>
<!-- Generated by org.testng.reporters.JUnitXMLReporter -->
<testsuite hostname="A" ignored="0" name="Default test" tests="8" failures="0" timestamp="08 Jul 2019 09:59:07 GMT" time="108.454" errors="0">
  <testcase name="click_on_sign_in" time="20.43" classname="tests.TestCases"/>
  <testcase name="click_on_sign_up" time="23.479" classname="tests.TestCases"/>
  <testcase name="errormsg_empty_email_reset_password_page" time="4.301" classname="tests.TestCases"/>
  <testcase name="errormsg_reset_password_page" time="3.216" classname="tests.TestCases"/>
  <testcase name="first_word_err_msg" time="3.089" classname="tests.TestCases"/>
  <testcase name="join_github_page" time="15.819" classname="tests.TestCases"/>
  <testcase name="mandate_field_login_page" time="1.816" classname="tests.TestCases"/>
  <testcase name="text_join_page" time="9.214" classname="tests.TestCases"/>
</testsuite> <!-- Default test -->
