<?xml version="1.0" encoding="UTF-8"?>
<!-- Generated by org.testng.reporters.JUnitXMLReporter -->
<testsuite hostname="A" ignored="0" name="Test" tests="8" failures="0" timestamp="08 Jul 2019 10:14:45 GMT" time="159.408" errors="0">
  <testcase name="click_on_sign_in" time="41.369" classname="tests.TestCases"/>
  <testcase name="click_on_sign_up" time="22.33" classname="tests.TestCases"/>
  <testcase name="errormsg_empty_email_reset_password_page" time="2.936" classname="tests.TestCases"/>
  <testcase name="errormsg_reset_password_page" time="3.658" classname="tests.TestCases"/>
  <testcase name="first_word_err_msg" time="2.506" classname="tests.TestCases"/>
  <testcase name="join_github_page" time="7.227" classname="tests.TestCases"/>
  <testcase name="mandate_field_login_page" time="1.848" classname="tests.TestCases"/>
  <testcase name="text_join_page" time="4.24" classname="tests.TestCases"/>
</testsuite> <!-- Test -->
